<?xml version="1.0" encoding="UTF-8"?>
<!-- Generated by org.testng.reporters.JUnitReportReporter -->
<testsuite skipped="0" hostname="Mushishi_XU" name="com.mushishi.Imooc.OneTestCase" tests="2" failures="0" timestamp="06 四月 2019 09:45:07 GMT" time="17.524" errors="0">
  <testcase name="f1" time="17.510" classname="com.mushishi.Imooc.OneTestCase"/>
  <testcase name="f" time="0.014" classname="com.mushishi.Imooc.OneTestCase"/>
</testsuite> <!-- com.mushishi.Imooc.OneTestCase -->
