<?xml version="1.0" encoding="UTF-8"?>
<!-- Generated by org.testng.reporters.JUnitReportReporter -->
<testsuite skipped="0" hostname="Mushishi_XU" name="com.mushishi.Imooc.SeleniumMaven" tests="1" failures="0" timestamp="02 三月 2019 09:35:28 GMT" time="46.425" errors="0">
  <testcase name="UserLogin" time="46.425" classname="com.mushishi.Imooc.SeleniumMaven"/>
</testsuite> <!-- com.mushishi.Imooc.SeleniumMaven -->
